c:\users\obser\onedrive\documents\working\fdtd\fdtd-cpml\2d\2d\debug\vc120.pdb
c:\users\obser\onedrive\documents\working\fdtd\fdtd-cpml\2d\2d\debug\vc120.idb
c:\users\obser\onedrive\documents\working\fdtd\fdtd-cpml\2d\2d\debug\cvl.nativecodeanalysis.xml
c:\users\obser\onedrive\documents\working\fdtd\fdtd-cpml\2d\2d\debug\e.nativecodeanalysis.xml
c:\users\obser\onedrive\documents\working\fdtd\fdtd-cpml\2d\2d\debug\h.nativecodeanalysis.xml
c:\users\obser\onedrive\documents\working\fdtd\fdtd-cpml\2d\2d\debug\main.nativecodeanalysis.xml
c:\users\obser\onedrive\documents\working\fdtd\fdtd-cpml\2d\2d\debug\source.nativecodeanalysis.xml
c:\users\obser\onedrive\documents\working\fdtd\fdtd-cpml\2d\2d\debug\source.obj
c:\users\obser\onedrive\documents\working\fdtd\fdtd-cpml\2d\2d\debug\main.obj
c:\users\obser\onedrive\documents\working\fdtd\fdtd-cpml\2d\2d\debug\h.obj
c:\users\obser\onedrive\documents\working\fdtd\fdtd-cpml\2d\2d\debug\e.obj
c:\users\obser\onedrive\documents\working\fdtd\fdtd-cpml\2d\2d\debug\cvl.obj
c:\users\obser\onedrive\documents\working\fdtd\fdtd-cpml\2d\debug\2d.ilk
c:\users\obser\onedrive\documents\working\fdtd\fdtd-cpml\2d\debug\2d.exe
c:\users\obser\onedrive\documents\working\fdtd\fdtd-cpml\2d\debug\2d.pdb
c:\users\obser\onedrive\documents\working\fdtd\fdtd-cpml\2d\2d\debug\nativecodeanalysis.read.1.tlog
c:\users\obser\onedrive\documents\working\fdtd\fdtd-cpml\2d\2d\debug\vc.nativecodeanalysis.all.xml
c:\users\obser\onedrive\documents\working\fdtd\fdtd-cpml\2d\debug\2d.exe.lastcodeanalysissucceeded
c:\users\obser\onedrive\documents\working\fdtd\fdtd-cpml\2d\2d\debug\2d.tlog\cl.command.1.tlog
c:\users\obser\onedrive\documents\working\fdtd\fdtd-cpml\2d\2d\debug\2d.tlog\cl.read.1.tlog
c:\users\obser\onedrive\documents\working\fdtd\fdtd-cpml\2d\2d\debug\2d.tlog\cl.write.1.tlog
c:\users\obser\onedrive\documents\working\fdtd\fdtd-cpml\2d\2d\debug\2d.tlog\link.command.1.tlog
c:\users\obser\onedrive\documents\working\fdtd\fdtd-cpml\2d\2d\debug\2d.tlog\link.read.1.tlog
c:\users\obser\onedrive\documents\working\fdtd\fdtd-cpml\2d\2d\debug\2d.tlog\link.write.1.tlog
